-- Executing input file sanitization
[16:20:22] INFO - Starting cblaster in remote mode
[16:20:22] INFO - Launching new search
[16:20:23] INFO - Request Identifier (RID): WTU27R4A016
[16:20:23] INFO - Request Time Of Execution (RTOE): 51s
[16:21:14] INFO - Polling NCBI for completion status
[16:21:14] INFO - Checking search status...
[16:22:14] INFO - Checking search status...
[16:23:14] INFO - Checking search status...
[16:24:14] INFO - Checking search status...
[16:25:14] INFO - Checking search status...
[16:26:14] INFO - Checking search status...
[16:27:14] INFO - Checking search status...
[16:28:14] INFO - Checking search status...
[16:29:14] INFO - Checking search status...
[16:30:14] INFO - Checking search status...
[16:31:14] INFO - Checking search status...
[16:32:14] INFO - Checking search status...
[16:33:14] INFO - Checking search status...
[16:34:14] INFO - Checking search status...
[16:35:14] INFO - Checking search status...
[16:36:14] INFO - Checking search status...
[16:37:14] INFO - Checking search status...
[16:38:14] INFO - Checking search status...
[16:39:14] INFO - Checking search status...
[16:40:14] INFO - Checking search status...
[16:41:14] INFO - Checking search status...
[16:42:14] INFO - Checking search status...
[16:43:14] INFO - Checking search status...
[16:44:14] INFO - Checking search status...
[16:45:14] INFO - Checking search status...
[16:46:14] INFO - Checking search status...
[16:47:14] INFO - Checking search status...
[16:48:14] INFO - Checking search status...
[16:49:14] INFO - Checking search status...
[16:50:14] INFO - Checking search status...
[16:51:14] INFO - Checking search status...
[16:52:14] INFO - Checking search status...
[16:53:14] INFO - Checking search status...
[16:54:14] INFO - Checking search status...
[16:55:14] INFO - Checking search status...
[16:56:14] INFO - Checking search status...
[16:57:14] INFO - Checking search status...
[16:58:14] INFO - Checking search status...
[16:59:14] INFO - Checking search status...
[17:00:14] INFO - Checking search status...
[17:01:14] INFO - Checking search status...
[17:02:14] INFO - Checking search status...
[17:03:14] INFO - Checking search status...
[17:04:14] INFO - Checking search status...
[17:05:14] INFO - Checking search status...
[17:06:14] INFO - Checking search status...
[17:07:14] INFO - Checking search status...
[17:08:14] INFO - Checking search status...
[17:09:14] INFO - Checking search status...
[17:10:14] INFO - Checking search status...
[17:11:14] INFO - Checking search status...
[17:12:14] INFO - Checking search status...
[17:13:14] INFO - Checking search status...
[17:14:14] INFO - Checking search status...
[17:15:14] INFO - Checking search status...
[17:16:14] INFO - Checking search status...
[17:17:14] INFO - Checking search status...
[17:18:14] INFO - Checking search status...
[17:19:14] INFO - Checking search status...
[17:20:14] INFO - Checking search status...
[17:21:14] INFO - Checking search status...
[17:22:14] INFO - Checking search status...
[17:23:14] INFO - Checking search status...
[17:24:14] INFO - Checking search status...
[17:25:14] INFO - Checking search status...
[17:26:14] INFO - Checking search status...
[17:27:14] INFO - Checking search status...
[17:28:14] INFO - Checking search status...
[17:29:14] INFO - Checking search status...
[17:30:14] INFO - Checking search status...
[17:31:14] INFO - Checking search status...
[17:32:14] INFO - Checking search status...
[17:33:14] INFO - Checking search status...
[17:34:14] INFO - Checking search status...
[17:35:14] INFO - Checking search status...
[17:36:14] INFO - Checking search status...
[17:37:14] INFO - Checking search status...
[17:38:14] INFO - Checking search status...
[17:39:14] INFO - Checking search status...
[17:40:14] INFO - Checking search status...
[17:41:14] INFO - Checking search status...
[17:42:14] INFO - Checking search status...
[17:43:14] INFO - Checking search status...
[17:44:14] INFO - Checking search status...
[17:45:14] INFO - Checking search status...
[17:46:14] INFO - Checking search status...
[17:47:14] INFO - Checking search status...
[17:48:14] INFO - Checking search status...
[17:49:14] INFO - Checking search status...
[17:50:14] INFO - Checking search status...
[17:51:14] INFO - Checking search status...
[17:52:14] INFO - Checking search status...
[17:53:14] INFO - Checking search status...
[17:54:14] INFO - Checking search status...
[17:55:14] INFO - Checking search status...
[17:56:14] INFO - Checking search status...
[17:57:14] INFO - Checking search status...
[17:58:14] INFO - Checking search status...
[17:59:14] INFO - Checking search status...
[18:00:14] INFO - Checking search status...
[18:01:14] INFO - Checking search status...
[18:02:14] INFO - Checking search status...
[18:03:14] INFO - Checking search status...
[18:03:15] INFO - Search has completed successfully!
[18:03:15] INFO - Retrieving results for search WTU27R4A016
[18:04:56] INFO - Writing BLAST hit table to /repo/cagecat/jobs/N081D319W620L53/results/N081D319W620L53_blasthits.txt
[18:04:56] INFO - Parsing results...
[18:04:56] INFO - Found 1860 hits meeting score thresholds for remote search
[18:04:56] INFO - Fetching genomic context of hits
[18:06:20] INFO - Writing IPG table to /repo/cagecat/jobs/N081D319W620L53/results/N081D319W620L53_ipg.txt
[18:06:21] INFO - Searching for clustered hits across 13379 organisms
[18:06:29] INFO - Searching for intermediate genes
[18:06:30] INFO - Fetching intermediate genes from NCBI from AABERP010000021.1
[18:06:31] INFO - Fetching intermediate genes from NCBI from AABAJV010000059.1
[18:06:33] INFO - Fetching intermediate genes from NCBI from RESK01000007.1
[18:06:34] INFO - Fetching intermediate genes from NCBI from AABAKB010000039.1
[18:06:35] INFO - Fetching intermediate genes from NCBI from DAAFAR010000020.1
[18:06:37] INFO - Fetching intermediate genes from NCBI from AANEAL010000015.1
[18:06:38] INFO - Fetching intermediate genes from NCBI from AABBIM010000018.1
[18:06:39] INFO - Fetching intermediate genes from NCBI from AABBGV010000045.1
[18:06:40] INFO - Fetching intermediate genes from NCBI from AAAPIE010000061.1
[18:06:41] INFO - Fetching intermediate genes from NCBI from AAANXL010000020.1
[18:06:42] INFO - Fetching intermediate genes from NCBI from RCPS01000040.1
[18:06:44] INFO - Fetching intermediate genes from NCBI from DAAIXS010000015.1
[18:06:45] INFO - Fetching intermediate genes from NCBI from ABBLOG010000040.1
[18:06:46] INFO - Fetching intermediate genes from NCBI from AAAUVG010000056.1
[18:06:47] INFO - Fetching intermediate genes from NCBI from AAASYH010000019.1
[18:06:48] INFO - Fetching intermediate genes from NCBI from AABFJD010000024.1
[18:06:49] INFO - Fetching intermediate genes from NCBI from AAAUVI010000051.1
[18:06:51] INFO - Fetching intermediate genes from NCBI from AAAKZA010000027.1
[18:06:52] INFO - Fetching intermediate genes from NCBI from ABHWHT010000025.1
[18:06:53] INFO - Fetching intermediate genes from NCBI from AAAXGA010000039.1
[18:06:54] INFO - Fetching intermediate genes from NCBI from AAALLN010000033.1
[18:06:55] INFO - Fetching intermediate genes from NCBI from REQV01000042.1
[18:06:56] INFO - Fetching intermediate genes from NCBI from QZQB01000016.1
[18:06:57] INFO - Fetching intermediate genes from NCBI from DAAKCI010000034.1
[18:06:59] INFO - Fetching intermediate genes from NCBI from ABLTDQ010000040.1
[18:06:59] INFO - Fetching intermediate genes from NCBI from ABFTGZ010000033.1
[18:07:01] INFO - Fetching intermediate genes from NCBI from ABCRUX010000035.1
[18:07:02] INFO - Fetching intermediate genes from NCBI from AABBQI010000041.1
[18:07:03] INFO - Fetching intermediate genes from NCBI from AAANTU010000030.1
[18:07:05] INFO - Fetching intermediate genes from NCBI from AAAVJR010000015.1
[18:07:06] INFO - Fetching intermediate genes from NCBI from AAAJQY010000009.1
[18:07:07] INFO - Fetching intermediate genes from NCBI from DAAJLY010000041.1
[18:07:09] INFO - Fetching intermediate genes from NCBI from AAAVEU010000024.1
[18:07:09] INFO - Fetching intermediate genes from NCBI from AAAZUI010000032.1
[18:07:11] INFO - Fetching intermediate genes from NCBI from ABBLOJ010000043.1
[18:07:12] INFO - Fetching intermediate genes from NCBI from AAATQI010000026.1
[18:07:13] INFO - Fetching intermediate genes from NCBI from DAPDNA010000038.1
[18:07:14] INFO - Fetching intermediate genes from NCBI from ABBTMF010000027.1
[18:07:16] INFO - Fetching intermediate genes from NCBI from AANEHZ010000029.1
[18:07:17] INFO - Fetching intermediate genes from NCBI from AANEFZ010000045.1
[18:07:18] INFO - Fetching intermediate genes from NCBI from AANEDW010000100.1
[18:07:19] INFO - Fetching intermediate genes from NCBI from AABAJU010000047.1
[18:07:20] INFO - Fetching intermediate genes from NCBI from AAAIGK010000014.1
[18:07:21] INFO - Fetching intermediate genes from NCBI from AAAIEL010000019.1
[18:07:22] INFO - Fetching intermediate genes from NCBI from AAASYF010000008.1
[18:07:23] INFO - Fetching intermediate genes from NCBI from ABCRUZ010000030.1
[18:07:25] INFO - Fetching intermediate genes from NCBI from AAAPIY010000050.1
[18:07:26] INFO - Fetching intermediate genes from NCBI from DAPDOJ010000024.1
[18:07:27] INFO - Fetching intermediate genes from NCBI from DAAKWP010000082.1
[18:07:29] INFO - Fetching intermediate genes from NCBI from QZQC01000029.1
[18:07:30] INFO - Fetching intermediate genes from NCBI from DAKLVW010000059.1
[18:07:31] INFO - Fetching intermediate genes from NCBI from DAAKFB010000064.1
[18:07:32] INFO - Fetching intermediate genes from NCBI from DAAKBD010000064.1
[18:07:33] INFO - Fetching intermediate genes from NCBI from DAAIIK010000047.1
[18:07:34] INFO - Fetching intermediate genes from NCBI from DAAFAP010000011.1
[18:07:36] INFO - Fetching intermediate genes from NCBI from ABJBPV010000011.1
[18:07:37] INFO - Fetching intermediate genes from NCBI from ABDFQW010000021.1
[18:07:38] INFO - Fetching intermediate genes from NCBI from ABCIXD010000031.1
[18:07:39] INFO - Fetching intermediate genes from NCBI from ABCFFX010000001.1
[18:07:40] INFO - Fetching intermediate genes from NCBI from AAVPAZ010000037.1
[18:07:42] INFO - Fetching intermediate genes from NCBI from AATSSB010000033.1
[18:07:43] INFO - Fetching intermediate genes from NCBI from AANCNT010000022.1
[18:07:44] INFO - Fetching intermediate genes from NCBI from AAHZLL010000025.1
[18:07:45] INFO - Fetching intermediate genes from NCBI from AADZVJ010000025.1
[18:07:46] INFO - Fetching intermediate genes from NCBI from AACKBO010000039.1
[18:07:48] INFO - Fetching intermediate genes from NCBI from AABCQB010000024.1
[18:07:49] INFO - Fetching intermediate genes from NCBI from AAAXIS010000032.1
[18:07:50] INFO - Fetching intermediate genes from NCBI from AAAWFF010000012.1
[18:07:51] INFO - Fetching intermediate genes from NCBI from AAARWW010000011.1
[18:07:53] INFO - Fetching intermediate genes from NCBI from AAANDL010000009.1
[18:07:54] INFO - Fetching intermediate genes from NCBI from AAAMCC010000020.1
[18:07:55] INFO - Fetching intermediate genes from NCBI from AAAJOU010000030.1
[18:07:56] INFO - Fetching intermediate genes from NCBI from ABFNSZ010000056.1
[18:07:58] INFO - Fetching intermediate genes from NCBI from AANDIB010000032.1
[18:07:59] INFO - Fetching intermediate genes from NCBI from DAPDOO010000028.1
[18:08:00] INFO - Fetching intermediate genes from NCBI from AAQRSF010000038.1
[18:08:01] INFO - Fetching intermediate genes from NCBI from AAAVDS010000058.1
[18:08:02] INFO - Fetching intermediate genes from NCBI from AAAUHS010000029.1
[18:08:03] INFO - Fetching intermediate genes from NCBI from AAALYL010000014.1
[18:08:05] INFO - Fetching intermediate genes from NCBI from AAAAFK010000013.1
[18:08:06] INFO - Fetching intermediate genes from NCBI from AAAABP010000042.1
[18:08:07] INFO - Fetching intermediate genes from NCBI from AANDKG010000021.1
[18:08:09] INFO - Fetching intermediate genes from NCBI from QZQE01000047.1
[18:08:10] INFO - Fetching intermediate genes from NCBI from ABIYXH010000020.1
[18:08:11] INFO - Fetching intermediate genes from NCBI from ABEAIW010000017.1
[18:08:12] INFO - Fetching intermediate genes from NCBI from AAAILP010000055.1
[18:08:13] INFO - Fetching intermediate genes from NCBI from DAAKFG010000055.1
[18:08:14] INFO - Fetching intermediate genes from NCBI from AAYXLV010000015.1
[18:08:15] INFO - Fetching intermediate genes from NCBI from AABARA010000049.1
[18:08:16] INFO - Fetching intermediate genes from NCBI from AAAPMU010000025.1
[18:08:18] INFO - Fetching intermediate genes from NCBI from DAAFAZ010000062.1
[18:08:19] INFO - Fetching intermediate genes from NCBI from AAAYNJ010000017.1
[18:08:20] INFO - Fetching intermediate genes from NCBI from AAAUCD010000014.1
[18:08:21] INFO - Fetching intermediate genes from NCBI from AAAOMF010000020.1
[18:08:23] INFO - Fetching intermediate genes from NCBI from AAANQX010000052.1
[18:08:24] INFO - Fetching intermediate genes from NCBI from AAAKSF010000028.1
[18:08:25] INFO - Fetching intermediate genes from NCBI from DAAKFK010000070.1
[18:08:26] INFO - Fetching intermediate genes from NCBI from ABLFTT010000025.1
[18:08:27] INFO - Fetching intermediate genes from NCBI from ABFXWR010000036.1
[18:08:28] INFO - Fetching intermediate genes from NCBI from ABDOYP010000049.1
[18:08:28] INFO - Writing current search session to /repo/cagecat/jobs/N081D319W620L53/results/N081D319W620L53_session.json
[18:08:31] INFO - Writing binary summary table to /repo/cagecat/jobs/N081D319W620L53/results/N081D319W620L53_binary.txt
[18:08:32] INFO - Writing summary to /repo/cagecat/jobs/N081D319W620L53/results/N081D319W620L53_summary.txt
[18:08:36] INFO - Saving cblaster plot HTML to: /repo/cagecat/jobs/N081D319W620L53/results/N081D319W620L53_plot.html
Traceback (most recent call last):
  File "/miniconda3/bin/cblaster", line 8, in <module>
    sys.exit(main())
  File "/miniconda3/lib/python3.9/site-packages/cblaster/main.py", line 432, in main
    cblaster(
  File "/miniconda3/lib/python3.9/site-packages/cblaster/main.py", line 386, in cblaster
    plot_session(
  File "/miniconda3/lib/python3.9/site-packages/cblaster/plot.py", line 300, in plot_session
    save_html(data, output)
  File "/miniconda3/lib/python3.9/site-packages/cblaster/plot.py", line 270, in save_html
    js = f"const data={json.dumps(data)}" + fp.read()
  File "/miniconda3/lib/python3.9/json/__init__.py", line 231, in dumps
    return _default_encoder.encode(obj)
  File "/miniconda3/lib/python3.9/json/encoder.py", line 199, in encode
    chunks = self.iterencode(o, _one_shot=True)
  File "/miniconda3/lib/python3.9/json/encoder.py", line 257, in iterencode
    return _iterencode(o, 0)
RecursionError: maximum recursion depth exceeded while encoding a JSON object
